<?xml version="1.0" encoding="UTF-8"?>
<testng-results total="1" passed="1" failed="0" skipped="0">
  <reporter-output>
  </reporter-output>
  <suite started-at="2022-01-30T17:05:43Z" name="Default suite" finished-at="2022-01-30T17:06:43Z" duration-ms="60051">
    <groups>
    </groups>
    <test started-at="2022-01-30T17:05:43Z" name="Default test" finished-at="2022-01-30T17:06:43Z" duration-ms="60051">
      <class name="tests.home">
        <test-method is-config="true" signature="beforeTest()[pri:0, instance:tests.home@32c726ee]" started-at="2022-01-30T22:35:43Z" name="beforeTest" finished-at="2022-01-30T22:36:43Z" duration-ms="59934" status="PASS">
          <reporter-output>
          </reporter-output>
        </test-method> <!-- beforeTest -->
        <test-method signature="f()[pri:0, instance:tests.home@32c726ee]" started-at="2022-01-30T22:36:43Z" name="f" finished-at="2022-01-30T22:36:43Z" duration-ms="101" status="PASS">
          <reporter-output>
          </reporter-output>
        </test-method> <!-- f -->
        <test-method is-config="true" signature="afterTest()[pri:0, instance:tests.home@32c726ee]" started-at="2022-01-30T22:36:43Z" name="afterTest" finished-at="2022-01-30T22:36:43Z" duration-ms="0" status="PASS">
          <reporter-output>
          </reporter-output>
        </test-method> <!-- afterTest -->
      </class> <!-- tests.home -->
    </test> <!-- Default test -->
  </suite> <!-- Default suite -->
</testng-results>
