<?xml version="1.0" encoding="UTF-8"?>
<testng-results total="1" passed="1" failed="0" skipped="0">
  <reporter-output>
  </reporter-output>
  <suite started-at="2022-01-30T16:33:09Z" name="Suite" finished-at="2022-01-30T16:33:17Z" duration-ms="8200">
    <groups>
    </groups>
    <test started-at="2022-01-30T16:33:09Z" name="Test" finished-at="2022-01-30T16:33:17Z" duration-ms="8200">
      <class name="tests.home">
        <test-method is-config="true" signature="beforeTest()[pri:0, instance:tests.home@32c726ee]" started-at="2022-01-30T22:03:09Z" name="beforeTest" finished-at="2022-01-30T22:03:16Z" duration-ms="6989" status="PASS">
          <reporter-output>
          </reporter-output>
        </test-method> <!-- beforeTest -->
        <test-method signature="f()[pri:0, instance:tests.home@32c726ee]" started-at="2022-01-30T22:03:16Z" name="f" finished-at="2022-01-30T22:03:16Z" duration-ms="436" status="PASS">
          <reporter-output>
          </reporter-output>
        </test-method> <!-- f -->
        <test-method is-config="true" signature="afterTest()[pri:0, instance:tests.home@32c726ee]" started-at="2022-01-30T22:03:16Z" name="afterTest" finished-at="2022-01-30T22:03:17Z" duration-ms="754" status="PASS">
          <reporter-output>
          </reporter-output>
        </test-method> <!-- afterTest -->
      </class> <!-- tests.home -->
    </test> <!-- Test -->
  </suite> <!-- Suite -->
</testng-results>
